Initializing Oyster...
   model type: shellsim_base
   initialization succeeded.
Initializing Chl1...
   model type: shellsim/prey
   initialization succeeded.
Initializing O2...
   model type: bb/passive
   initialization succeeded.
Initializing Oyster...
   model type: shellsim_base
   initialization succeeded.
Initializing Chl1...
   model type: shellsim/prey
   initialization succeeded.
Initializing POM1...
   model type: shellsim/prey
   initialization succeeded.
Initializing TPM1...
   model type: shellsim/prey
   initialization succeeded.
Initializing O2...
   model type: bb/passive
   initialization succeeded.
Initializing Oyster...
   model type: shellsim_base
   initialization succeeded.
Initializing Chl1...
   model type: shellsim/prey
   initialization succeeded.
Initializing POM1...
   model type: shellsim/prey
   initialization succeeded.
Initializing TPM1...
   model type: shellsim/prey
   initialization succeeded.
Initializing O2...
   model type: bb/passive
   initialization succeeded.
Initializing Oyster...
   model type: shellsim_base
   initialization succeeded.
Initializing Chl1...
   model type: shellsim/prey
   initialization succeeded.
Initializing POM1...
   model type: shellsim/prey
   initialization succeeded.
Initializing TPM1...
   model type: shellsim/prey
   initialization succeeded.
Initializing O2...
   model type: bb/passive
   initialization succeeded.
Initializing Oyster...
   model type: shellsim_base
   initialization succeeded.
Initializing Chl1...
   model type: shellsim/prey
   initialization succeeded.
Initializing POM1...
   model type: shellsim/prey
   initialization succeeded.
Initializing TPM1...
   model type: shellsim/prey
   initialization succeeded.
Initializing O2...
   model type: bb/passive
   initialization succeeded.
Initializing Oyster...
   model type: shellsim_base
   initialization succeeded.
Initializing Chl1...
   model type: shellsim/prey
   initialization succeeded.
Initializing POM1...
   model type: shellsim/prey
   initialization succeeded.
Initializing TPM1...
   model type: shellsim/prey
   initialization succeeded.
Initializing O2...
   model type: bb/passive
   initialization succeeded.
Initializing Oyster...
   model type: shellsim_base
   initialization succeeded.
Initializing Chl1...
   model type: shellsim/prey
   initialization succeeded.
Initializing POM1...
   model type: shellsim/prey
   initialization succeeded.
Initializing TPM1...
   model type: shellsim/prey
   initialization succeeded.
Initializing O2...
   model type: bb/passive
   initialization succeeded.
Initializing Oyster...
   model type: shellsim_base
   initialization succeeded.
Initializing Chl1...
   model type: shellsim/prey
   initialization succeeded.
Initializing POC1...
   model type: shellsim/prey
   initialization succeeded.
Initializing POM1...
   model type: shellsim/prey
   initialization succeeded.
Initializing TPM1...
   model type: shellsim/prey
   initialization succeeded.
Initializing O2...
   model type: bb/passive
   initialization succeeded.
Initializing Oyster...
   model type: shellsim_base
   initialization succeeded.
Initializing Chl1...
   model type: shellsim/prey
   initialization succeeded.
Initializing POM1...
   model type: shellsim/prey
   initialization succeeded.
Initializing TPM1...
   model type: shellsim/prey
   initialization succeeded.
Initializing O2...
   model type: bb/passive
   initialization succeeded.
Initializing Oyster...
   model type: shellsim_base
   initialization succeeded.
Initializing Chl1...
   model type: shellsim/prey
   initialization succeeded.
Initializing POM1...
   model type: shellsim/prey
   initialization succeeded.
Initializing TPM1...
   model type: shellsim/prey
   initialization succeeded.
Initializing O2...
   model type: bb/passive
   initialization succeeded.
Initializing Oyster...
   model type: shellsim_base
   initialization succeeded.
Initializing Chl1...
   model type: shellsim/prey
   initialization succeeded.
Initializing POM1...
   model type: shellsim/prey
   initialization succeeded.
Initializing TPM1...
   model type: shellsim/prey
   initialization succeeded.
Initializing O2...
   model type: bb/passive
   initialization succeeded.
Initializing Oyster...
   model type: shellsim_base
   initialization succeeded.
Initializing Chl1...
   model type: shellsim/prey
   initialization succeeded.
Initializing POM1...
   model type: shellsim/prey
   initialization succeeded.
Initializing TPM1...
   model type: shellsim/prey
   initialization succeeded.
Initializing O2...
   model type: bb/passive
   initialization succeeded.
